<?xml version="1.0" encoding="UTF-8"?>
<!-- Generated by org.testng.reporters.JUnitXMLReporter -->
<testsuite ignored="1" hostname="C-PF35EZEQ" failures="0" tests="1" name="Error Validations Test" time="5.394" errors="0" timestamp="23 Jan 2024 11:26:38 GMT">
  <testcase classname="SeleniumEndtoEnd.Tests.ErrorValidationsTest" name="LoginErrorValidation" time="0.516"/>
  <testcase classname="SeleniumEndtoEnd.Tests.ErrorValidationsTest" name="ProductErrorValidation" time="0.0">
    <ignored/>
  </testcase> <!-- ProductErrorValidation -->
</testsuite> <!-- Error Validations Test -->
