<?xml version="1.0" encoding="UTF-8"?>
<!-- Generated by org.testng.reporters.JUnitXMLReporter -->
<testsuite ignored="2" hostname="C-PF35EZEQ" failures="0" tests="0" time="3.027" errors="0" timestamp="23 Jan 2024 11:26:41 GMT">
  <testcase classname="SeleniumEndtoEnd.Tests.PageObjectSolutionCode" name="OrderItem" time="0.0">
    <ignored/>
  </testcase> <!-- OrderItem -->
  <testcase classname="SeleniumEndtoEnd.Tests.PageObjectSolutionCode" name="OrderHistoryTest" time="0.0">
    <ignored/>
  </testcase> <!-- OrderHistoryTest -->
</testsuite>
