<?xml version="1.0" encoding="UTF-8"?>
<!-- Generated by org.testng.reporters.JUnitXMLReporter -->
<testsuite ignored="0" hostname="C-PF35EZEQ" failures="0" tests="2" name="Error Validations Test" time="54.601" errors="0" timestamp="2024-01-23T22:45:36 IST">
  <testcase classname="SeleniumEndtoEnd.Tests.ErrorValidationsTest" name="LoginErrorValidation" time="0.515"/>
  <testcase classname="SeleniumEndtoEnd.Tests.ErrorValidationsTest" name="ProductErrorValidation" time="6.308"/>
</testsuite> <!-- Error Validations Test -->
