<?xml version="1.0" encoding="UTF-8"?>
<!-- Generated by org.testng.reporters.JUnitXMLReporter -->
<testsuite ignored="0" hostname="C-PF35EZEQ" failures="0" tests="3" name="Submit Order Test" time="64.866" errors="0" timestamp="2024-01-23T22:45:46 IST">
  <testcase classname="SeleniumEndtoEnd.Tests.PageObjectSolutionCode" name="OrderItem" time="7.853"/>
  <testcase classname="SeleniumEndtoEnd.Tests.PageObjectSolutionCode" name="OrderItem" time="7.471"/>
  <testcase classname="SeleniumEndtoEnd.Tests.PageObjectSolutionCode" name="OrderHistoryTest" time="0.56"/>
</testsuite> <!-- Submit Order Test -->
